\BOOKMARK [1][-]{section.1}{Funci\363n, l\355mite y continuidad}{}% 1
\BOOKMARK [2][-]{subsection.1.1}{ Funci\363n, concepto y ejemplos.}{section.1}% 2
\BOOKMARK [3][-]{subsubsection.1.1.1}{Formas de expresar una funci\363n elemental}{subsection.1.1}% 3
\BOOKMARK [2][-]{subsection.1.2}{L\355mite de una funci\363n}{section.1}% 4
\BOOKMARK [2][-]{subsection.1.3}{Continuidad de una funci\363n}{section.1}% 5
\BOOKMARK [2][-]{subsection.1.4}{Tipos de discontinuidades}{section.1}% 6
\BOOKMARK [2][-]{subsection.1.5}{Infinitos e infinit\351simos}{section.1}% 7
\BOOKMARK [3][-]{subsubsection.1.5.1}{Infit\351simos equivalentes}{subsection.1.5}% 8
\BOOKMARK [3][-]{subsubsection.1.5.2}{L\355mites fundamentales}{subsection.1.5}% 9
\BOOKMARK [3][-]{subsubsection.1.5.3}{As\355ntotas de una funci\363n}{subsection.1.5}% 10
\BOOKMARK [2][-]{subsection.1.6}{Formas indeterminadas. Regla de Leibniz.}{section.1}% 11
\BOOKMARK [2][-]{subsection.1.7}{Ejercicios Resueltos}{section.1}% 12
\BOOKMARK [2][-]{subsection.1.8}{Ejercicios Propuestos}{section.1}% 13
\BOOKMARK [1][-]{section.2}{Derivadas y sus aplicaciones}{}% 14
\BOOKMARK [2][-]{subsection.2.1}{Problemas f\355sico y matem\341tico que le dieron origen al concepto de derivada}{section.2}% 15
\BOOKMARK [3][-]{subsubsection.2.1.1}{Problema matem\341tico}{subsection.2.1}% 16
\BOOKMARK [3][-]{subsubsection.2.1.2}{Problema f\355sico}{subsection.2.1}% 17
\BOOKMARK [2][-]{subsection.2.2}{Concepto de derivada}{section.2}% 18
\BOOKMARK [2][-]{subsection.2.3}{Reglas de derivaci\363n}{section.2}% 19
\BOOKMARK [3][-]{subsubsection.2.3.1}{Teoremas acerca de las propiedades de la derivadas}{subsection.2.3}% 20
\BOOKMARK [2][-]{subsection.2.4}{Tabla de las derivadas}{section.2}% 21
\BOOKMARK [2][-]{subsection.2.5}{Derivadas de orden superior.}{section.2}% 22
\BOOKMARK [2][-]{subsection.2.6}{Derivada de la funci\363n impl\355cita}{section.2}% 23
\BOOKMARK [3][-]{subsubsection.2.6.1}{Usos de la derivaci\363n impl\355cita}{subsection.2.6}% 24
\BOOKMARK [2][-]{subsection.2.7}{Ejercicios Resueltos}{section.2}% 25
\BOOKMARK [2][-]{subsection.2.8}{Ejercicios Propuestos}{section.2}% 26
\BOOKMARK [1][-]{section.3}{Derivada y sus aplicaciones}{}% 27
\BOOKMARK [2][-]{subsection.3.1}{Diferencial en una variable}{section.3}% 28
\BOOKMARK [3][-]{subsubsection.3.1.1}{C\341lculo aproximado}{subsection.3.1}% 29
\BOOKMARK [2][-]{subsection.3.2}{Teoremas Fermat, Rolle, Lagrange, Cauchy y Regla de L'Hopital}{section.3}% 30
\BOOKMARK [3][-]{subsubsection.3.2.1}{Regla de L'Hopital}{subsection.3.2}% 31
\BOOKMARK [2][-]{subsection.3.3}{B\372squeda de extremos de funciones de una variable}{section.3}% 32
\BOOKMARK [3][-]{subsubsection.3.3.1}{Criterio de la Segunda Derivada}{subsection.3.3}% 33
\BOOKMARK [2][-]{subsection.3.4}{Problemas de optimizaci\363n}{section.3}% 34
\BOOKMARK [2][-]{subsection.3.5}{Ejercicios Resueltos}{section.3}% 35
\BOOKMARK [2][-]{subsection.3.6}{Ejercicios Propuestos}{section.3}% 36
\BOOKMARK [1][-]{section.4}{Integrales}{}% 37
\BOOKMARK [2][-]{subsection.4.1}{Integral indefinida. }{section.4}% 38
\BOOKMARK [3][-]{subsubsection.4.1.1}{Integrales de tabla}{subsection.4.1}% 39
\BOOKMARK [3][-]{subsubsection.4.1.2}{Reglas de integraci\363n \(Propiedades\)}{subsection.4.1}% 40
\BOOKMARK [2][-]{subsection.4.2}{M\351todos de integraci\363n}{section.4}% 41
\BOOKMARK [3][-]{subsubsection.4.2.1}{Integraci\363n por cambio de variables}{subsection.4.2}% 42
\BOOKMARK [3][-]{subsubsection.4.2.2}{Integraci\363n por partes}{subsection.4.2}% 43
\BOOKMARK [3][-]{subsubsection.4.2.3}{Integraci\363n por fracciones simples}{subsection.4.2}% 44
\BOOKMARK [2][-]{subsection.4.3}{Integrales definidas}{section.4}% 45
\BOOKMARK [3][-]{subsubsection.4.3.1}{Primer y segunto teorema del c\341lculo interal. Problemas de C\341lculo de \341rea.}{subsection.4.3}% 46
\BOOKMARK [3][-]{subsubsection.4.3.2}{Inegrales impropias}{subsection.4.3}% 47
\BOOKMARK [2][-]{subsection.4.4}{Ejercicios Resueltos}{section.4}% 48
\BOOKMARK [2][-]{subsection.4.5}{Ejercicios Propuestos}{section.4}% 49
\BOOKMARK [1][-]{section.5}{Anexos}{}% 50
\BOOKMARK [2][-]{subsection.5.1}{Definiciones y teoremas}{section.5}% 51
\BOOKMARK [2][-]{subsection.5.2}{Gr\341ficas de funciones}{section.5}% 52
